Number of used processors (NPROC): 4.
Number of mesh partitions (NPART): 4.
Total Physical Memory = 15.93 Gb, Available Physical Memory = 7.64 Gb
Mesh generation started:	17.7.2018	18:22:2
-----------------------------------------------------------------------
Allocating meshes:
	CPU count: 4
	MESH 0:
		Sub-meshes count: 4
-----------------------------------------------------------------------
Base mesh dimensions were changed from (23, 23, 23) to (22, 22, 22)
Current CPU = 0 sec
-----------------------------------------------------------------------
Geometries initialization:

Geometry database loading ...OK
-----------------------------------------------------------------------
Loading mesh settings (global/local)...
-----------------------------------------------------------------------
Number of geometries: 1
Geometry(0):
	Fluid..
	1 Body.
	1 Real body.
	Tolerance=5.21086e-005.
	22 Face(s).
		22 of b-spline type.
	1458 Triangle(s).
	0 Face(s) that have no ref faces
	16 Plane surface(s).
	6 Cylinder surface(s).
	36 Edge(s).
		36 of b-spline type.
	Geometry reading: 0.015 s.
	22 Reference Face(s).
	1458 Reference Triangles.
	GeometryRef reading: 0.003 s.
Last Geometry:
	Solid.
	Making hash and connectivity for geometry 0...
		CBodyGeom:
		Hash size: {22, 22, 22}.
		Mesh size: {22, 22, 22}.
		Hashing triangles...Ok.
		Making triangles connectivity...Ok. (0.016 s).
		Neighbour triangles: 100.00 % (good connect) - 0.00 % (bad connect). Min: 3. Max: 3.
		Done.
		CBodyGeomRef:
		Hashing triangles...Ok.
		Making triangles connectivity...Ok. (0.018 s).
		Neighbour triangles: Min: 1. Max: 3.
		Done.
	0.029 s.
Geometries reading and preparing has taken 0.048 s.

Mapped triangles:
Hashing geometries triangles
	Triangles num=1458
	Triangles box={0  ,0.3  ,0  ,0.30254  ,-0.3  ,0  }
		3d-hash size is 61948 bytes
		Making triangles connectivity...Ok. (0.015 s).
		Neighbour triangles: 100.00 % (good connect) - 0.00 % (bad connect). Min: 3. Max: 3.
Hashing peculiar surfaces triangles
	Triangles num=26
	Triangles box={0.103488  ,0.137621  ,0.3  ,0.3  ,-0.26915  ,-0.234766  }
		3d-hash size is 42752 bytes
	Triangles num=25
	Triangles box={0.225388  ,0.257728  ,0.3  ,0.3  ,-0.222771  ,-0.190495  }
		3d-hash size is 42784 bytes
Mapped triangles processed in 0.028 s.
-----------------------------------------------------------------------

Current CPU = 0 sec
Flow Simulation 2017  x64 / 3794 / MESHER ver. efd_16_2.3794_16.02.2017 

Project: C:\Users\poitr\Google Drive\MIT_ML\Github\openag_eagle\prj\pfc-edu\v1.0\Mechanical\3\3.xmlconfig
Computer name:	POITRAST
Operating system:	Windows 10 (or higher) (Version 10.0.17134)

SOLIDWORKS 2017 SP3.0

-----------------------------------------------------------------------
Mesh dimensions:
				I[0 ]=22
				I[1 ]=22
				I[2 ]=22
Solver refinement level	I[47]=0

Comp. domain size:
				a[0  ]=-0.6096
				a[1  ]=0.6096
				a[2  ]=-0.6096
				a[3  ]=0.6096
				a[4  ]=-0.6096
				a[5  ]=0.6096
Wall thickness		a[231]=0
Gap size			a[232]=1

Fluid calculated			1
Solid calculated			0
-----------------------------------------------------------------------
MESH: distribute base bricks among sub-meshes...
	Base bricks count               10648
	Sub-meshes  count               4
	Base bricks count per sub-mesh  2662 (+0)
	Sub-mesh 0: 2662 base brick(s), range [0, 21]-[0, 21]-[0, 5]
	Sub-mesh 1: 2662 base brick(s), range [0, 21]-[0, 21]-[5, 10]
	Sub-mesh 2: 2662 base brick(s), range [0, 21]-[0, 21]-[11, 16]
	Sub-mesh 3: 2662 base brick(s), range [0, 21]-[0, 21]-[16, 21]
-----------------------------------------------------------------------
-----------------------------------------------------------------------
MESH: collecting ghosts in sub-meshes...
	Sub-mesh 0:
		Total  brick(s) 3146
		Native brick(s) 2662
		Inner  brick(s) 2178
		Outer  brick(s) 484
		Ghost  brick(s) 484
	Sub-mesh 1:
		Total  brick(s) 3630
		Native brick(s) 2662
		Inner  brick(s) 1694
		Outer  brick(s) 968
		Ghost  brick(s) 968
	Sub-mesh 2:
		Total  brick(s) 3630
		Native brick(s) 2662
		Inner  brick(s) 1694
		Outer  brick(s) 968
		Ghost  brick(s) 968
	Sub-mesh 3:
		Total  brick(s) 3146
		Native brick(s) 2662
		Inner  brick(s) 2178
		Outer  brick(s) 484
		Ghost  brick(s) 484
	Total brick(s) 10648
-----------------------------------------------------------------------
Setting regions...OK (0.010 s)
Base mesh info------------------
	2D flag  =0
	Period   =[0, 0, 0]
	Nx=22
		x[0]=-0.6096
		x[1]=-0.532222
		x[2]=-0.458976
		x[3]=-0.38962
		x[4]=-0.323946
		x[5]=-0.261759
		x[6]=-0.202874
		x[7]=-0.147116
		x[8]=-0.0943188
		x[9]=-0.0443247
		x[10]=0.00301487
		x[11]=0.0520154
		x[12]=0.101015
		x[13]=0.150015
		x[14]=0.199015
		x[15]=0.248015
		x[16]=0.297015
		x[17]=0.342525
		x[18]=0.390488
		x[19]=0.441037
		x[20]=0.494308
		x[21]=0.550451
		x[22]=0.6096
	Ny=22
		y[0]=-0.6096
		y[1]=-0.532243
		y[2]=-0.459009
		y[3]=-0.38966
		y[4]=-0.323988
		y[5]=-0.261798
		y[6]=-0.202907
		y[7]=-0.147139
		y[8]=-0.094329
		y[9]=-0.0443193
		y[10]=0.00303827
		y[11]=0.0524537
		y[12]=0.101869
		y[13]=0.151283
		y[14]=0.200698
		y[15]=0.250113
		y[16]=0.299528
		y[17]=0.344731
		y[18]=0.392347
		y[19]=0.442505
		y[20]=0.495339
		y[21]=0.550993
		y[22]=0.6096
	Nz=22
		z[0]=-0.6096
		z[1]=-0.550421
		z[2]=-0.494281
		z[3]=-0.441011
		z[4]=-0.390464
		z[5]=-0.342501
		z[6]=-0.29699
		z[7]=-0.247989
		z[8]=-0.198989
		z[9]=-0.149989
		z[10]=-0.100989
		z[11]=-0.0519887
		z[12]=-0.00298872
		z[13]=0.0443554
		z[14]=0.0943545
		z[15]=0.147156
		z[16]=0.202918
		z[17]=0.261806
		z[18]=0.323994
		z[19]=0.389669
		z[20]=0.459024
		z[21]=0.532268
		z[22]=0.6096
End of base mesh info---------
Input_mesh_settings--------------------------------
Settings 0----------------
	Scope: GLOBAL
	Type:	------MESHER_SETTINGS----------
	RefAllCells           =0
	RefFluidCells         =0
	RefPartCells          =0
	RefSolidCells         =0
	l_SSFR(Capture crit)  =2
	l_curv(Curvature crit)=0
	l_tol(Tolerance crit) =2
	  k_tol               =0.00819819
	UseChannelRef         =1
	  NCR_method          =0
	  l_NCR               =2
	  N_gap               =5
	  Use d_NCR_min       =0
	  Use d_NCR_max       =0
	IgnoreThinChannelsHeight         =0
	--END_OF_MESHER_SETTINGS-------
End of input mesh settings-------------------------

-----------------------------------------------------------------------
Building geometries:
Building geometry Fluid.0.(0)...

-----------------------------------------------------------------------
Refining by triangulation...
Refinement input: 10648 bricks
Setting regions...OK (0.033 s)
Setting regions...OK (0.024 s)
Refinement result: 10802 bricks (0.123 s)
Refinement input: 10802 bricks
Refinement result: 10802 bricks (0.006 s)
Collecting and processing rays...OK (0.033 s)
Capturing...OK (0.014 s)
Refining by triangulation takes 0.177 s
-----------------------------------------------------------------------

-----------------------------------------------------------------------
Refining peculiar surfaces...
Refinement input: 10802 bricks
Setting regions...OK (0.010 s)
Refinement result: 10858 bricks (0.018 s)
Refinement input: 10858 bricks
Setting regions...OK (0.006 s)
Refinement result: 10865 bricks (0.013 s)
Refinement input: 10865 bricks
Setting regions...OK (0.006 s)
Refinement result: 10893 bricks (0.016 s)
2 surfaces refined
Refining peculiar surfaces takes 0.057 s
-----------------------------------------------------------------------
Collecting and processing rays...OK (0.008 s)
Capturing...OK (0.001 s)
Collecting and processing rays...OK (0.001 s)
Capturing...OK (0.000 s)
Collecting and processing rays...OK (0.001 s)
Capturing...OK (0.000 s)

-----------------------------------------------------------------------
Base mesh 1 Refining...
Refinement input: 10893 bricks
Refinement result: 10893 bricks (0.002 s)
Collecting and processing rays...OK (0.002 s)
Capturing...OK (0.001 s)
-----------------------------------------------------------------------
Refining channels...
FYI: CNarrowChannelRefiner::RefineChannels_PRLL: m_submesh_count=4
Refinement input: 10893 bricks
Setting regions...OK (0.009 s)
Refinement result: 10984 bricks (0.019 s)
Collecting and processing rays...OK (0.004 s)
Capturing...OK (0.001 s)
FYI: m_iteration_count = 0
FYI: level1 statistics:
     level1_cnt_plus[1]=104;		level1_cnt_minus[1]=0
     level1_cnt_plus[2]=0;		level1_cnt_minus[2]=0
     level1_cnt_plus[3]=0;		level1_cnt_minus[3]=0
     level1_cnt_plus[4]=0;		level1_cnt_minus[4]=0
     level1_cnt_plus[5]=0;		level1_cnt_minus[5]=0
     level1_cnt_plus[6]=0;		level1_cnt_minus[6]=0
     level1_cnt_plus[7]=0;		level1_cnt_minus[7]=0
     level1_cnt_plus[8]=0;		level1_cnt_minus[8]=0
     level1_cnt_plus[9]=0;		level1_cnt_minus[9]=0
FYI: m_iteration_count = 1
FYI: level1 statistics:
     level1_cnt_plus[1]=104;		level1_cnt_minus[1]=0
     level1_cnt_plus[2]=0;		level1_cnt_minus[2]=0
     level1_cnt_plus[3]=0;		level1_cnt_minus[3]=0
     level1_cnt_plus[4]=0;		level1_cnt_minus[4]=0
     level1_cnt_plus[5]=0;		level1_cnt_minus[5]=0
     level1_cnt_plus[6]=0;		level1_cnt_minus[6]=0
     level1_cnt_plus[7]=0;		level1_cnt_minus[7]=0
     level1_cnt_plus[8]=0;		level1_cnt_minus[8]=0
     level1_cnt_plus[9]=0;		level1_cnt_minus[9]=0
Refinement input: 10984 bricks
Setting regions...OK (0.005 s)
Refinement result: 11243 bricks (0.017 s)
Collecting and processing rays...OK (0.006 s)
Capturing...OK (0.001 s)
FYI: m_iteration_count = 2
FYI: level1 statistics:
     level1_cnt_plus[1]=364;		level1_cnt_minus[1]=0
     level1_cnt_plus[2]=32;		level1_cnt_minus[2]=0
     level1_cnt_plus[3]=0;		level1_cnt_minus[3]=0
     level1_cnt_plus[4]=0;		level1_cnt_minus[4]=0
     level1_cnt_plus[5]=0;		level1_cnt_minus[5]=0
     level1_cnt_plus[6]=0;		level1_cnt_minus[6]=0
     level1_cnt_plus[7]=0;		level1_cnt_minus[7]=0
     level1_cnt_plus[8]=0;		level1_cnt_minus[8]=0
     level1_cnt_plus[9]=0;		level1_cnt_minus[9]=0
Refinement input: 11243 bricks
Setting regions...OK (0.006 s)
Refinement result: 11250 bricks (0.015 s)
Collecting and processing rays...OK (0.002 s)
Capturing...OK (0.000 s)
FYI: m_iteration_count = 3
FYI: level1 statistics:
     level1_cnt_plus[1]=372;		level1_cnt_minus[1]=0
     level1_cnt_plus[2]=32;		level1_cnt_minus[2]=0
     level1_cnt_plus[3]=0;		level1_cnt_minus[3]=0
     level1_cnt_plus[4]=0;		level1_cnt_minus[4]=0
     level1_cnt_plus[5]=0;		level1_cnt_minus[5]=0
     level1_cnt_plus[6]=0;		level1_cnt_minus[6]=0
     level1_cnt_plus[7]=0;		level1_cnt_minus[7]=0
     level1_cnt_plus[8]=0;		level1_cnt_minus[8]=0
     level1_cnt_plus[9]=0;		level1_cnt_minus[9]=0
FYI: m_iteration_count = 4
FYI: level1 statistics:
     level1_cnt_plus[1]=372;		level1_cnt_minus[1]=0
     level1_cnt_plus[2]=32;		level1_cnt_minus[2]=0
     level1_cnt_plus[3]=0;		level1_cnt_minus[3]=0
     level1_cnt_plus[4]=0;		level1_cnt_minus[4]=0
     level1_cnt_plus[5]=0;		level1_cnt_minus[5]=0
     level1_cnt_plus[6]=0;		level1_cnt_minus[6]=0
     level1_cnt_plus[7]=0;		level1_cnt_minus[7]=0
     level1_cnt_plus[8]=0;		level1_cnt_minus[8]=0
     level1_cnt_plus[9]=0;		level1_cnt_minus[9]=0
FYI: level1 statistics:
     level1_cnt_plus[1]=372;		level1_cnt_minus[1]=0
     level1_cnt_plus[2]=32;		level1_cnt_minus[2]=0
     level1_cnt_plus[3]=0;		level1_cnt_minus[3]=0
     level1_cnt_plus[4]=0;		level1_cnt_minus[4]=0
     level1_cnt_plus[5]=0;		level1_cnt_minus[5]=0
     level1_cnt_plus[6]=0;		level1_cnt_minus[6]=0
     level1_cnt_plus[7]=0;		level1_cnt_minus[7]=0
     level1_cnt_plus[8]=0;		level1_cnt_minus[8]=0
     level1_cnt_plus[9]=0;		level1_cnt_minus[9]=0
	CNarrowChannelRefiner::ChannelsResolution            function_total                0      = 0.175165 sec

-----------------------------------------------------------------------
U-shapes refinement...
Refinement input: 11250 bricks
Refinement result: 11250 bricks (0.011 s)
Collecting and processing rays...OK (0.002 s)
Capturing...OK (0.001 s)
-----------------------------------------------------------------------

-----------------------------------------------------------------------
Equi Distant Refiner:
Equi Distant Refiner takes 0.00 s
-----------------------------------------------------------------------
Building geometry takes 0.453 s
Geometry Fluid.0.
Total		11250
Partial	374
Fluid		10876
Solid		0
Bad		0

/-Ray Intersection---------------/ Time	0.016 s
Calls			1943
CorrectRay Calls	0


Building geometries takes 0.455 s
-----------------------------------------------------------------------

-----------------------------------------------------------------------
PostBuilding geometries:
PostBuilding geometries takes 0.001 s
-----------------------------------------------------------------------
Defect ray count	0
FYI: CNarrowChannelRefiner::RedistributeLevel1_step_1: is finished
FYI: level1 statistics:
     level1_cnt_plus[1]=276;		level1_cnt_minus[1]=0
     level1_cnt_plus[2]=128;		level1_cnt_minus[2]=0
     level1_cnt_plus[3]=0;		level1_cnt_minus[3]=0
     level1_cnt_plus[4]=0;		level1_cnt_minus[4]=0
     level1_cnt_plus[5]=0;		level1_cnt_minus[5]=0
     level1_cnt_plus[6]=0;		level1_cnt_minus[6]=0
     level1_cnt_plus[7]=0;		level1_cnt_minus[7]=0
     level1_cnt_plus[8]=0;		level1_cnt_minus[8]=0
     level1_cnt_plus[9]=0;		level1_cnt_minus[9]=0
FYI: CNarrowChannelRefiner::RedistributeLevel1_step_2: is started
FYI: CNarrowChannelRefiner::RedistributeLevel1_step_2: is finished
FYI: level1 statistics:
     level1_cnt_plus[1]=330;		level1_cnt_minus[1]=0
     level1_cnt_plus[2]=144;		level1_cnt_minus[2]=0
     level1_cnt_plus[3]=0;		level1_cnt_minus[3]=0
     level1_cnt_plus[4]=0;		level1_cnt_minus[4]=0
     level1_cnt_plus[5]=0;		level1_cnt_minus[5]=0
     level1_cnt_plus[6]=0;		level1_cnt_minus[6]=0
     level1_cnt_plus[7]=0;		level1_cnt_minus[7]=0
     level1_cnt_plus[8]=0;		level1_cnt_minus[8]=0
     level1_cnt_plus[9]=0;		level1_cnt_minus[9]=0
FYI: CNarrowChannelRefiner::RedistributeLevel1_step_3: is started
FYI: CNarrowChannelRefiner::RedistributeLevel1_step_3: is finished
RedistributeLevel1 takes:
	CNarrowChannelRefiner::RedistributeLevel1            function_total                0      = 0.0564461 sec
FYI: level1 statistics:
     level1_cnt_plus[1]=330;		level1_cnt_minus[1]=168
     level1_cnt_plus[2]=144;		level1_cnt_minus[2]=8
     level1_cnt_plus[3]=0;		level1_cnt_minus[3]=0
     level1_cnt_plus[4]=0;		level1_cnt_minus[4]=0
     level1_cnt_plus[5]=0;		level1_cnt_minus[5]=0
     level1_cnt_plus[6]=0;		level1_cnt_minus[6]=0
     level1_cnt_plus[7]=0;		level1_cnt_minus[7]=0
     level1_cnt_plus[8]=0;		level1_cnt_minus[8]=0
     level1_cnt_plus[9]=0;		level1_cnt_minus[9]=0
-----------------------------------------------------------------------
BCF-Builder Iteration: 0
Memory Working Set Current = 23.37 Mb, Memory Working Set Peak = 24.07 Mb
Process Threads Number: 14
Loading geometries triangulation & x-stacks...OK
	Sub-mesh 0:
		Total  brick(s) 3146
		Native brick(s) 2662
		Inner  brick(s) 2178
		Outer  brick(s) 484
		Ghost  brick(s) 484
	Sub-mesh 1:
		Total  brick(s) 4118
		Native brick(s) 3096
		Inner  brick(s) 2080
		Outer  brick(s) 1016
		Ghost  brick(s) 1022
	Sub-mesh 2:
		Total  brick(s) 3846
		Native brick(s) 2830
		Inner  brick(s) 1808
		Outer  brick(s) 1022
		Ghost  brick(s) 1016
	Sub-mesh 3:
		Total  brick(s) 3146
		Native brick(s) 2662
		Inner  brick(s) 2178
		Outer  brick(s) 484
		Ghost  brick(s) 484
	Total brick(s) 11250

-----------------------------------------------------------------------
MSH (Real Geometry) format constructor:
Getting submesh brick sets...OK (0.002 s)
Level 2
	Inner time 0.108 s
	Outer Time 0.026 s
	Level Time 0.135 s
Level 1
	Inner time 0.071 s
	Outer Time 0.024 s
	Level Time 0.098 s
Level 0
	Inner time 0.105 s
	Outer Time 0.062 s
	Level Time 0.170 s

Brick parser time info:
	0.434 s - time_Run
		0.014 s - time_ConstructPoints
			0.007 s - time_ConstructPointsAddFind2
		0.012 s - time_ConstructPointsAndConnectsFromNb
		0.011 s - time_AddRibConnects
		0.038 s - time_ConstructBrickFacets
			0.015 s - time_CalculateQpoints
				0.003 s - time_AddFacetPoint_GetFacesQpoint
					0.000 s - time_GetFacesQpoint_UShaped
						0.000 s - time_GetFacesQpoint2
					0.000 s - time_GetFacesQpoint_AddEdgesToList
					0.003 s - time_Edge_GetClosestPointOn
					0.000 s - time_Edge_NewtonMethod
					0.000 s - time_GetFacesQpoint_ManyFinds
				0.009 s - time_AddFacetPoint_AddQPoint
					0.008 s - time_PointReverseEvaluate
				0.000 s - time_AddFacetPoint_AddFind2
		0.000 s - time_RemoveOddConnects
		0.011 s - time_TestConnectivity
		0.000 s - time_ValidateXeps
		0.018 s - time_ConstructFaceAs
		0.004 s - time_ConstructCvs
		0.001 s - time_ConstructFaceWs
		0.010 s - time_RealGeomAddQPoints
		0.006 s - time_RealGeomAddNewFaces
		0.001 s - time_RealGeomInitOppositeGeomFaceInd
		0.012 s - time_RealGeomApproxCurveFaces
		0.000 s - time_Enum1
		0.000 s - time_Enum2
		0.000 s - time_RealGeomCheckInvalidConnects
		0.215 s - time_RealGeomParameters
			0.131 s - time_CalculateParametersOfCv
			0.080 s - time_CalculateParametersOfFace
				0.031 s - time_CalculateRR
				0.046 s - time_CalculateRefFaceData
				0.000 s - time_CalculateLambdaProjection
			0.003 s - time_SetFacesOrientation
Result:
	Bricks number:                        11250

	Memory usage:                         0.456 MB
	Memory usage (per brick):             0.041 KB
	Construction time:                    0.433 s

	Topology features:
	------------------
	- High quality bricks                 100.00 % (11250)
	- Medium quality bricks                 0.00 % (0)
	- Bad quality bricks                    0.00 % (0)
	- Ribs corrected bricks                 0.00 % (0)
	- Points with geom-info (bricks)        0.01 % (1)
	- Points with closest-info (bricks)     0.00 % (0)
	- Triangulated by center (bricks)       0.00 % (0)
	- Facet w-faces mergings (bricks)       0.00 % (0)
	- To refine (bricks)                    0.00 % (0)

Memory Working Set Current = 24.77 Mb, Memory Working Set Peak = 32.20 Mb
Process Threads Number: 14
-----------------------------------------------------------------------
-----------------------------------------------------------------------
MSH --> BCF format (Iteration 0)...
BCF collector...
	(0) Bcf collect time 0.068 s (3286 avs, 206 fws)
	(3) Bcf collect time 0.047 s (3146 avs, 0 fws)
	(2) Bcf collect time 0.069 s (4163 avs, 472 fws)
	(1) Bcf collect time 0.071 s (4784 avs, 956 fws)
	(2) Remove defect avs time 0.030 s
	(1) Remove defect avs time 0.030 s
	(0) Remove defect avs time 0.031 s
	(3) Remove defect avs time 0.017 s
Defect subdomain detector...
		1 subdomain(s) of gi=0 (real bodies = 1).
			Subdomain 0: 11505 av
		Get real subdoms time 0.000 s
		Mark defect subdomains by closed av...
		Mark by closed av time 0.000 s
		Mark defect subdomains by real bodies...
		0 defect subdomain(s) of gi=0.
		1 subdomain(s) of gi=1 (real bodies = 0).
			Subdomain 0: 586 av
		Get real subdoms time 0.000 s
		0 defect subdomain(s) of gi=1.
	(1) Remove defect subdoms time 0.008 s
	(2) Remove defect subdoms time 0.008 s
	(0) Remove defect subdoms time 0.009 s
	(3) Remove defect subdoms time 0.009 s
NB-faces collector & conservator...
Sub-mesh 0.
	Conservated total=0 (bb-faces=0)
Sub-mesh 1.
	Conservated total=0 (bb-faces=0)
Sub-mesh 2.
	Conservated total=0 (bb-faces=0)
Sub-mesh 3.
	Conservated total=0 (bb-faces=0)
	(3) Bcf calc time 0.002 s
	(0) Bcf calc time 0.004 s
	(1) Bcf calc time 0.007 s
	(2) Bcf calc time 0.005 s
FACE_W optimizer ...
Sub-mesh 0.
	Before optimization total=1850 (fs=206, ff=0, ss=0)
	After  optimization total=1850 (fs=206, ff=0, ss=0)
Sub-mesh 1.
	Before optimization total=2802 (fs=956, ff=0, ss=0)
	After  optimization total=2802 (fs=956, ff=0, ss=0)
Sub-mesh 2.
	Before optimization total=2306 (fs=472, ff=0, ss=0)
	After  optimization total=2306 (fs=472, ff=0, ss=0)
Sub-mesh 3.
	Before optimization total=1562 (fs=0, ff=0, ss=0)
	After  optimization total=1562 (fs=0, ff=0, ss=0)
-----------------------------------------------------------------------
-----------------------------------------------------------------------
Merging BCF...
Merging bricks trees...OK (0.01 s)
Merging av data...OK (0.01 s)
Merging a-faces data (fluid)...
	New a-face count   32985
	Bound a-face count 1588 (4.81 %)
Merging a-faces data takes 0.01 s
Merging a-faces data (solid)...
	New a-face count   1397
	Bound a-face count 70 (5.01 %)
Merging a-faces data takes 0.00 s
Merging w-faces data...
	New w-face count   4132
	Bound w-face count 0 (0.00 %)
	Need fw-nb         1600 (38.72 %)
Merging w-faces data takes 0.01 s
Merging BCF takes (0.05 s)
-----------------------------------------------------------------------

-----------------------------------------------------------------------
Geometrical diagonal nb-faces collector (cpu_num=4)...
	Time=0.018s.
-----------------------------------------------------------------------
Fluid Subdom Constructor: 1 subdom(s).
	Remove nb-fw from diff subdomains (fs)...
		Diff subdomains cases         0

-----------------------------------------------------------------------
BCF CHECKSUM DATA (Mesh 0):

FACE_A Area Sum:   G.Fluid        93.8948295284708930
FACE_A Area Sum:   G.Solid        0.1551396211874145
FACE_W Area Sum:                  9.9790606797714076
FACE_W Nb   Sum:                  33576
FACE_W min curvatures sum:        -9261.15293121
FACE_W max curvatures sum:        1286.77199936
AV Max Disbalance: G.Fluid        2.13504e-014 (cid=2700, avid=2732, pid=63)
AV Max Disbalance: G.Solid        5.60685e-015 (cid=2785, avid=11565, pid=60)
-----------------------------------------------------------------------


-----------------------------------------------------------------------
MESHER TOPOLOGY DATA (Mesh 0):

BRICKS: Total                 11250
BRICKS: 1-CV                  10668
BRICKS: 2-CV                  323
BRICKS: 3-CV                  259
BRICKS: Bad                   0

AV:     G.Total               12091
AV:     G.Fluid               11505
AV:     G.Solid               586

AV:     G.Fluid Thin Profile    0.03 % (4)
AV:     G.Solid Thin Profile   43.52 % (255)

AV:     G.Fluid Thin For Mega   0.00 % (0)
AV:     G.Solid Thin For Mega  27.30 % (160)

AV:     G.Fluid Non-Convex      1.48 % (170)
AV:     G.Solid Non-Convex     22.53 % (132)

FACE_A: G.Fluid          (af) 32985 (partially opened 1745)
FACE_A: G.Solid          (as) 1397 (partially opened 1268)

FACE_W: G.Total                 4132        Brick/Bound
FACE_W: G.Fluid/Solid    (fs_g) 1228        0           
FACE_W: G.Fluid/Fluid    (ff_g) 0           0           
FACE_W: G.Solid/Solid    (ss_g) 0           0           
FACE_W: G.Fluid/External (fe_g) 2904
FACE_W: G.Solid/External (se_g) 0

AV max fa count:                12
AV max fw count:                7
AV max fw poly count:           7

MEMORY: Total                   4.047 MB
MEMORY: Per Brick               0.368 KB
-----------------------------------------------------------------------

-----------------------------------------------------------------------
Mega-cv constructor for fluid...
	 0 av's is treated as thin
Relative size generator (threshold = 0.05)...OK
	 193 mega-cv's generated
	 35 mega-cv's removed
Convert clusters:
	 158 mega-cv's total
Mega-cv count: 158
-----------------------------------------------------------------------
Mixing plane rotation regions: NO.
Sliding mesh rotation regions: NO.
Fluid/fluid faces: NO.
----------------------------------------------------------
BCF --> BCF.GEOMSUBDOM (bridge arrays) (cpu_num=4):
MESH (0):
	Fluid Subdom Constructor: 1 subdom(s).
	Solid Subdom Constructor: 1 subdom(s).
	Net Asm Subdom Constructor: 0 subdom(s).
	GEOMSUBDOM (0): gi=0 fluid av=11505 cv=11221 fa=32985 fw=4132 V=1.810931e+000
	GEOMSUBDOM (1): gi=1 solid av=586 cv=586 fa=1397 fw=1228 V=1.346976e-003
	Setting nb of w-faces...OK.

MESH (0) checking:
	GEOMSUBDOM (0):fa_s=93.8948295284710500 fw_s=9.9790606797714148 fw_nb=33576
	GEOMSUBDOM (1):fa_s=0.1551396211874145 fw_s=1.0603688397714088 fw_nb=10368
MESH (0) checking: OK.
----------------------------------------------------------
-----------------------------------------------------------------------
Calculating curvature and tolerance criteria...
Curvature: min=0 max=1.58094
Tolerance: min=0 max=0.00348851
Calculating curvature and tolerance criteria takes 0.021 s
-----------------------------------------------------------------------
Current CPU = 2 sec

Nx=22
Ny=22
Nz=22
Max_RL=2
12. Saving initial mesh in: C:\Users\poitr\Google Drive\MIT_ML\Github\openag_eagle\prj\pfc-edu\v1.0\Mechanical\3\3.fld .
Storing results...
Estimated CPT size=1.562 MB.
OK
Memory Working Set Current = 32.86 Mb, Memory Working Set Peak = 34.92 Mb
Process Threads Number: 14
Cleaning memory...
Free Geometry DB takes 0.001 s
Copying... OK

------------------------------------------------------------------------------------------------------------
CPU report:
Function                                             CPU           descriptor                    nproc     
------------------------------------------------------------------------------------------------------------
GetGeometryFromSW                                    0.092 sec   function_total               
GetGeometryFromSW                                    0.017 sec   InitGeometryTriangles        
CMesh::PrepareMappedTriangles                        0.028 sec   function_total               
SwapGeometries                                       0.000 sec   function_total               
CMesh::PreBuild                                      0.025 sec   function_total               
SetBrickRegion                                       0.113 sec   function_total               
CMesh::Build                                         0.458 sec   function_total               
CMesh::BuildGeometry                                 0.453 sec   function_total               
ActivateAllCellsParameters                           0.005 sec   function_total               
RefineByTriangles                                    0.178 sec   function_total               
CaptureRefined                                       0.080 sec   function_total               
GetMultiRaysIntersections                            0.019 sec   full                         
CRayCollector::CorrectRays2                          0.026 sec   full                         
CRayCollector::CorrectRays2                          0.016 sec   stage_1_collect_undefined_vertices1
RefinePeculiarSurfaces                               0.065 sec   function_total               
CNarrowChannelRefiner::ChannelsResolution            0.175 sec   function_total               
CNarrowChannelRefiner::RefineChannels_PRLL           0.172 sec   function_total               
CNarrowChannelRefiner::GetMainNormals                0.001 sec   function_total               
CNarrowChannelRefiner::GetMainNormals                0.048 sec   function_total               
CNarrowChannelRefiner::GetMainNormals                0.016 sec   function_total               
CNarrowChannelRefiner::facade_bricks_of_brick_dirv   0.001 sec   function_total               
CNarrowChannelRefiner::facade_bricks_of_brick_dirv   0.036 sec   function_total               
CNarrowChannelRefiner::facade_bricks_of_brick_dirv   0.012 sec   function_total               
CNarrowChannelRefiner::facade_bricks_of_brick_dirv   0.000 sec   function_total               
CNarrowChannelRefiner::next_brick_on_ray             0.001 sec   function_total               
CNarrowChannelRefiner::next_brick_on_ray             0.035 sec   function_total               
CNarrowChannelRefiner::next_brick_on_ray             0.011 sec   function_total               
CNarrowChannelRefiner::next_brick_on_ray             0.000 sec   function_total               
CNarrowChannelRefiner::RefineChannels_PRLL           0.067 sec   NCR_execute_refinement       
CMesh::BuildGeometry                                 0.000 sec   equidistant_refiner          
CNarrowChannelRefiner::RedistributeLevel1            0.058 sec   function_total               
CTPBuilder::build_bcf                                0.723 sec   function_total               
CTPBuilder::bcf_builder                              0.675 sec   function_total               
LoadTrianglesAndXSL                                  0.000 sec   function_total               
CTPBuilder::collect_msh_format                       0.450 sec   function_total               
CTPBuilder::Run                                      0.120 sec   bcf_collect                  
CTPBuilder::Run                                      0.087 sec   bcf_merge                    
CTPBuilder::build_bcf                                0.021 sec   collect_mega_cv              
CTPBuilder::build_bcf                                0.026 sec   convert_to_mds_function      
CMesh::CalculateCurvatureAndToleranceCriteria        0.022 sec   function_total               
Store_Res_2                                          0.092 sec   function_total               
Freemem_CPT                                          0.014 sec   function_total               
------------------------------------------------------------------------------------------------------------

Mesh generation normally finished at	17.7.2018	18:22:4
Mesher CPU = 2 sec
Mesher is finished at	17.7.2018	18:22:4
