Number of used processors (NPROC): 4.
Number of mesh partitions (NPART): 4.
Total Physical Memory = 15.93 Gb, Available Physical Memory = 6.76 Gb
Mesh generation started:	17.7.2018	16:58:32
-----------------------------------------------------------------------
Allocating meshes:
	CPU count: 4
	MESH 0:
		Sub-meshes count: 4
-----------------------------------------------------------------------
Current CPU = 0 sec
-----------------------------------------------------------------------
Geometries initialization:

Geometry database loading ...OK
-----------------------------------------------------------------------
Loading mesh settings (global/local)...
-----------------------------------------------------------------------
Number of geometries: 1
Geometry(0):
	Fluid..
	1 Body.
	1 Real body.
	Tolerance=1.1761e-005.
	341 Face(s).
		341 of b-spline type.
	21514 Triangle(s).
	0 Face(s) that have no ref faces
	211 Plane surface(s).
	119 Cylinder surface(s).
	1 Torus surface(s).
	10 B- surface(s).
	959 Edge(s).
		959 of b-spline type.
	Geometry reading: 0.057 s.
	341 Reference Face(s).
	21514 Reference Triangles.
	GeometryRef reading: 0.042 s.
Last Geometry:
	Solid.
	Making hash and connectivity for geometry 0...
		CBodyGeom:
		Hash size: {32, 32, 34}.
		Mesh size: {32, 32, 34}.
		Hashing triangles...Ok.
		Making triangles connectivity...Ok. (0.202 s).
		Neighbour triangles: 100.00 % (good connect) - 0.00 % (bad connect). Min: 3. Max: 3.
		Done.
		CBodyGeomRef:
		Hashing triangles...Ok.
		Making triangles connectivity...Ok. (0.099 s).
		Neighbour triangles: Min: 1. Max: 3.
		Done.
	0.334 s.
Geometries reading and preparing has taken 0.464 s.

Mapped triangles:
Hashing geometries triangles
	Triangles num=21514
	Triangles box={-0.04  ,0.04  ,-0.04  ,0.04  ,0  ,0.032  }
		3d-hash size is 301592 bytes
		Making triangles connectivity...Ok. (0.152 s).
		Neighbour triangles: 100.00 % (good connect) - 0.00 % (bad connect). Min: 3. Max: 3.
Hashing peculiar surfaces triangles
Mapped triangles processed in 0.246 s.
-----------------------------------------------------------------------

Current CPU = 1 sec
Flow Simulation 2017  x64 / 3794 / MESHER ver. efd_16_2.3794_16.02.2017 

Project: C:\USERS\POITR\GOOGLE DRIVE\MIT_ML\GITHUB\OPENAG_EAGLE\PRJ\PFC-EDU\V1.0\MECHANICAL\1\1.xmlconfig
Computer name:	POITRAST
Operating system:	Windows 10 (or higher) (Version 10.0.17134)

SOLIDWORKS 2017 SP3.0

-----------------------------------------------------------------------
Mesh dimensions:
				I[0 ]=32
				I[1 ]=32
				I[2 ]=34
Solver refinement level	I[47]=0

Comp. domain size:
				a[0  ]=-0.243583
				a[1  ]=0.243583
				a[2  ]=-0.243583
				a[3  ]=0.243583
				a[4  ]=-0.203583
				a[5  ]=0.235711
Wall thickness		a[231]=0
Gap size			a[232]=1

Fluid calculated			1
Solid calculated			0
-----------------------------------------------------------------------
MESH: distribute base bricks among sub-meshes...
	Base bricks count               34816
	Sub-meshes  count               4
	Base bricks count per sub-mesh  8704 (+0)
	Sub-mesh 0: 8704 base brick(s), range [0, 31]-[0, 31]-[0, 8]
	Sub-mesh 1: 8704 base brick(s), range [0, 31]-[0, 31]-[8, 16]
	Sub-mesh 2: 8704 base brick(s), range [0, 31]-[0, 31]-[17, 25]
	Sub-mesh 3: 8704 base brick(s), range [0, 31]-[0, 31]-[25, 33]
-----------------------------------------------------------------------
-----------------------------------------------------------------------
MESH: collecting ghosts in sub-meshes...
	Sub-mesh 0:
		Total  brick(s) 9728
		Native brick(s) 8704
		Inner  brick(s) 7680
		Outer  brick(s) 1024
		Ghost  brick(s) 1024
	Sub-mesh 1:
		Total  brick(s) 10752
		Native brick(s) 8704
		Inner  brick(s) 6656
		Outer  brick(s) 2048
		Ghost  brick(s) 2048
	Sub-mesh 2:
		Total  brick(s) 10752
		Native brick(s) 8704
		Inner  brick(s) 6656
		Outer  brick(s) 2048
		Ghost  brick(s) 2048
	Sub-mesh 3:
		Total  brick(s) 9728
		Native brick(s) 8704
		Inner  brick(s) 7680
		Outer  brick(s) 1024
		Ghost  brick(s) 1024
	Total brick(s) 34816
-----------------------------------------------------------------------
Setting regions...OK (0.066 s)
Base mesh info------------------
	2D flag  =0
	Period   =[0, 0, 0]
	Nx=32
		x[0]=-0.243583
		x[1]=-0.222865
		x[2]=-0.203137
		x[3]=-0.184348
		x[4]=-0.166451
		x[5]=-0.149406
		x[6]=-0.133171
		x[7]=-0.117707
		x[8]=-0.102979
		x[9]=-0.0889504
		x[10]=-0.075589
		x[11]=-0.0628627
		x[12]=-0.0507415
		x[13]=-0.0391964
		x[14]=-0.0261292
		x[15]=-0.0130626
		x[16]=4.10373e-006
		x[17]=0.0130708
		x[18]=0.0261374
		x[19]=0.0392041
		x[20]=0.0507503
		x[21]=0.0628732
		x[22]=0.0756009
		x[23]=0.0889636
		x[24]=0.102993
		x[25]=0.117722
		x[26]=0.133186
		x[27]=0.149422
		x[28]=0.166468
		x[29]=0.184364
		x[30]=0.203153
		x[31]=0.222879
		x[32]=0.243583
	Ny=32
		y[0]=-0.243583
		y[1]=-0.222865
		y[2]=-0.203138
		y[3]=-0.184349
		y[4]=-0.166452
		y[5]=-0.149407
		y[6]=-0.133171
		y[7]=-0.117708
		y[8]=-0.102979
		y[9]=-0.088951
		y[10]=-0.0755896
		y[11]=-0.0628633
		y[12]=-0.050742
		y[13]=-0.0391969
		y[14]=-0.0261298
		y[15]=-0.0130631
		y[16]=3.55092e-006
		y[17]=0.0130702
		y[18]=0.0261369
		y[19]=0.0392036
		y[20]=0.0507498
		y[21]=0.0628727
		y[22]=0.0756003
		y[23]=0.088963
		y[24]=0.102992
		y[25]=0.117722
		y[26]=0.133186
		y[27]=0.149421
		y[28]=0.166467
		y[29]=0.184363
		y[30]=0.203152
		y[31]=0.222878
		y[32]=0.243583
	Nz=34
		z[0]=-0.203583
		z[1]=-0.184886
		z[2]=-0.167081
		z[3]=-0.150121
		z[4]=-0.133967
		z[5]=-0.118579
		z[6]=-0.103923
		z[7]=-0.089962
		z[8]=-0.0766642
		z[9]=-0.0639978
		z[10]=-0.0519329
		z[11]=-0.0404409
		z[12]=-0.0294945
		z[13]=-0.0190679
		z[14]=-0.00913645
		z[15]=0.000323451
		z[16]=0.00819428
		z[17]=0.0160655
		z[18]=0.0239367
		z[19]=0.0318079
		z[20]=0.0412677
		z[21]=0.051199
		z[22]=0.0616254
		z[23]=0.0725716
		z[24]=0.0840636
		z[25]=0.0961286
		z[26]=0.108795
		z[27]=0.122093
		z[28]=0.136054
		z[29]=0.150711
		z[30]=0.166099
		z[31]=0.182254
		z[32]=0.199215
		z[33]=0.217021
		z[34]=0.235711
End of base mesh info---------
Input_mesh_settings--------------------------------
Settings 0----------------
	Scope: GLOBAL
	Type:	------MESHER_SETTINGS----------
	RefAllCells           =0
	RefFluidCells         =0
	RefPartCells          =0
	RefSolidCells         =0
	l_SSFR(Capture crit)  =1
	l_curv(Curvature crit)=0
	l_tol(Tolerance crit) =1
	  k_tol               =0.00803183
	UseChannelRef         =1
	  NCR_method          =0
	  l_NCR               =2
	  N_gap               =5
	  Use d_NCR_min       =0
	  Use d_NCR_max       =0
	IgnoreThinChannelsHeight         =0
	--END_OF_MESHER_SETTINGS-------
End of input mesh settings-------------------------

-----------------------------------------------------------------------
Building geometries:
Building geometry Fluid.0.(0)...

-----------------------------------------------------------------------
Refining by triangulation...
Refinement input: 34816 bricks
Setting regions...OK (0.032 s)
Setting regions...OK (0.021 s)
	Re-balancing...
	Send and create bricks on destination sub meshes...
	Collecting ghosts...
	Balancing finished.
Refinement result: 39345 bricks (0.367 s)
Refinement input: 39345 bricks
Refinement result: 39345 bricks (0.015 s)
Collecting and processing rays...OK (0.109 s)
Capturing...OK (0.018 s)
Refining by triangulation takes 0.513 s
-----------------------------------------------------------------------

-----------------------------------------------------------------------
Refining peculiar surfaces...
0 surfaces refined
Refining peculiar surfaces takes 0 s
-----------------------------------------------------------------------
Collecting and processing rays...OK (0.003 s)
Capturing...OK (0.001 s)
Collecting and processing rays...OK (0.003 s)
Capturing...OK (0.001 s)
Collecting and processing rays...OK (0.004 s)
Capturing...OK (0.001 s)

-----------------------------------------------------------------------
Base mesh 1 Refining...
Refinement input: 39345 bricks
Refinement result: 39345 bricks (0.007 s)
Collecting and processing rays...OK (0.003 s)
Capturing...OK (0.001 s)
-----------------------------------------------------------------------
Refining channels...
FYI: CNarrowChannelRefiner::RefineChannels_PRLL: m_submesh_count=4
Refinement input: 39345 bricks
Setting regions...OK (0.014 s)
Refinement result: 40255 bricks (0.037 s)
Collecting and processing rays...OK (0.015 s)
Capturing...OK (0.003 s)
FYI: m_iteration_count = 0
FYI: level1 statistics:
     level1_cnt_plus[1]=1040;		level1_cnt_minus[1]=0
     level1_cnt_plus[2]=0;		level1_cnt_minus[2]=0
     level1_cnt_plus[3]=0;		level1_cnt_minus[3]=0
     level1_cnt_plus[4]=0;		level1_cnt_minus[4]=0
     level1_cnt_plus[5]=0;		level1_cnt_minus[5]=0
     level1_cnt_plus[6]=0;		level1_cnt_minus[6]=0
     level1_cnt_plus[7]=0;		level1_cnt_minus[7]=0
     level1_cnt_plus[8]=0;		level1_cnt_minus[8]=0
     level1_cnt_plus[9]=0;		level1_cnt_minus[9]=0
Refinement input: 40255 bricks
Setting regions...OK (0.020 s)
Refinement result: 40409 bricks (0.037 s)
Collecting and processing rays...OK (0.004 s)
Capturing...OK (0.003 s)
FYI: m_iteration_count = 1
FYI: level1 statistics:
     level1_cnt_plus[1]=1216;		level1_cnt_minus[1]=0
     level1_cnt_plus[2]=0;		level1_cnt_minus[2]=0
     level1_cnt_plus[3]=0;		level1_cnt_minus[3]=0
     level1_cnt_plus[4]=0;		level1_cnt_minus[4]=0
     level1_cnt_plus[5]=0;		level1_cnt_minus[5]=0
     level1_cnt_plus[6]=0;		level1_cnt_minus[6]=0
     level1_cnt_plus[7]=0;		level1_cnt_minus[7]=0
     level1_cnt_plus[8]=0;		level1_cnt_minus[8]=0
     level1_cnt_plus[9]=0;		level1_cnt_minus[9]=0
Refinement input: 40409 bricks
Setting regions...OK (0.021 s)
Refinement result: 40423 bricks (0.040 s)
Collecting and processing rays...OK (0.005 s)
Capturing...OK (0.002 s)
FYI: m_iteration_count = 2
FYI: level1 statistics:
     level1_cnt_plus[1]=1232;		level1_cnt_minus[1]=0
     level1_cnt_plus[2]=0;		level1_cnt_minus[2]=0
     level1_cnt_plus[3]=0;		level1_cnt_minus[3]=0
     level1_cnt_plus[4]=0;		level1_cnt_minus[4]=0
     level1_cnt_plus[5]=0;		level1_cnt_minus[5]=0
     level1_cnt_plus[6]=0;		level1_cnt_minus[6]=0
     level1_cnt_plus[7]=0;		level1_cnt_minus[7]=0
     level1_cnt_plus[8]=0;		level1_cnt_minus[8]=0
     level1_cnt_plus[9]=0;		level1_cnt_minus[9]=0
FYI: m_iteration_count = 3
FYI: level1 statistics:
     level1_cnt_plus[1]=1232;		level1_cnt_minus[1]=0
     level1_cnt_plus[2]=0;		level1_cnt_minus[2]=0
     level1_cnt_plus[3]=0;		level1_cnt_minus[3]=0
     level1_cnt_plus[4]=0;		level1_cnt_minus[4]=0
     level1_cnt_plus[5]=0;		level1_cnt_minus[5]=0
     level1_cnt_plus[6]=0;		level1_cnt_minus[6]=0
     level1_cnt_plus[7]=0;		level1_cnt_minus[7]=0
     level1_cnt_plus[8]=0;		level1_cnt_minus[8]=0
     level1_cnt_plus[9]=0;		level1_cnt_minus[9]=0
Refinement input: 40423 bricks
Setting regions...OK (0.019 s)
	Re-balancing...
	Send and create bricks on destination sub meshes...
	Collecting ghosts...
	Balancing finished.
Refinement result: 46198 bricks (0.082 s)
Collecting and processing rays...OK (0.026 s)
Capturing...OK (0.009 s)
FYI: m_iteration_count = 4
FYI: level1 statistics:
     level1_cnt_plus[1]=6923;		level1_cnt_minus[1]=0
     level1_cnt_plus[2]=808;		level1_cnt_minus[2]=0
     level1_cnt_plus[3]=0;		level1_cnt_minus[3]=0
     level1_cnt_plus[4]=0;		level1_cnt_minus[4]=0
     level1_cnt_plus[5]=0;		level1_cnt_minus[5]=0
     level1_cnt_plus[6]=0;		level1_cnt_minus[6]=0
     level1_cnt_plus[7]=0;		level1_cnt_minus[7]=0
     level1_cnt_plus[8]=0;		level1_cnt_minus[8]=0
     level1_cnt_plus[9]=0;		level1_cnt_minus[9]=0
FYI: m_iteration_count = 5
FYI: level1 statistics:
     level1_cnt_plus[1]=6923;		level1_cnt_minus[1]=0
     level1_cnt_plus[2]=808;		level1_cnt_minus[2]=0
     level1_cnt_plus[3]=0;		level1_cnt_minus[3]=0
     level1_cnt_plus[4]=0;		level1_cnt_minus[4]=0
     level1_cnt_plus[5]=0;		level1_cnt_minus[5]=0
     level1_cnt_plus[6]=0;		level1_cnt_minus[6]=0
     level1_cnt_plus[7]=0;		level1_cnt_minus[7]=0
     level1_cnt_plus[8]=0;		level1_cnt_minus[8]=0
     level1_cnt_plus[9]=0;		level1_cnt_minus[9]=0
FYI: level1 statistics:
     level1_cnt_plus[1]=6923;		level1_cnt_minus[1]=0
     level1_cnt_plus[2]=808;		level1_cnt_minus[2]=0
     level1_cnt_plus[3]=0;		level1_cnt_minus[3]=0
     level1_cnt_plus[4]=0;		level1_cnt_minus[4]=0
     level1_cnt_plus[5]=0;		level1_cnt_minus[5]=0
     level1_cnt_plus[6]=0;		level1_cnt_minus[6]=0
     level1_cnt_plus[7]=0;		level1_cnt_minus[7]=0
     level1_cnt_plus[8]=0;		level1_cnt_minus[8]=0
     level1_cnt_plus[9]=0;		level1_cnt_minus[9]=0
	CNarrowChannelRefiner::ChannelsResolution            function_total                0      = 1.52007 sec

-----------------------------------------------------------------------
U-shapes refinement...
Refinement input: 46198 bricks
Refinement result: 46198 bricks (0.020 s)
Collecting and processing rays...OK (0.003 s)
Capturing...OK (0.001 s)
-----------------------------------------------------------------------

-----------------------------------------------------------------------
Equi Distant Refiner:
Equi Distant Refiner takes 0.00 s
-----------------------------------------------------------------------
Building geometry takes 2.099 s
Geometry Fluid.0.
Total		46198
Partial	4224
Fluid		40764
Solid		774
Bad		436

/-Ray Intersection---------------/ Time	0.195 s
Calls			5145
CorrectRay Calls	0


Building geometries takes 2.101 s
-----------------------------------------------------------------------

-----------------------------------------------------------------------
PostBuilding geometries:
PostBuilding geometries takes 0.003 s
-----------------------------------------------------------------------
Defect ray count	0
FYI: CNarrowChannelRefiner::RedistributeLevel1_step_1: is finished
FYI: level1 statistics:
     level1_cnt_plus[1]=746;		level1_cnt_minus[1]=0
     level1_cnt_plus[2]=6985;		level1_cnt_minus[2]=0
     level1_cnt_plus[3]=0;		level1_cnt_minus[3]=0
     level1_cnt_plus[4]=0;		level1_cnt_minus[4]=0
     level1_cnt_plus[5]=0;		level1_cnt_minus[5]=0
     level1_cnt_plus[6]=0;		level1_cnt_minus[6]=0
     level1_cnt_plus[7]=0;		level1_cnt_minus[7]=0
     level1_cnt_plus[8]=0;		level1_cnt_minus[8]=0
     level1_cnt_plus[9]=0;		level1_cnt_minus[9]=0
FYI: CNarrowChannelRefiner::RedistributeLevel1_step_2: is started
FYI: CNarrowChannelRefiner::RedistributeLevel1_step_2: is finished
FYI: level1 statistics:
     level1_cnt_plus[1]=958;		level1_cnt_minus[1]=0
     level1_cnt_plus[2]=8430;		level1_cnt_minus[2]=0
     level1_cnt_plus[3]=0;		level1_cnt_minus[3]=0
     level1_cnt_plus[4]=0;		level1_cnt_minus[4]=0
     level1_cnt_plus[5]=0;		level1_cnt_minus[5]=0
     level1_cnt_plus[6]=0;		level1_cnt_minus[6]=0
     level1_cnt_plus[7]=0;		level1_cnt_minus[7]=0
     level1_cnt_plus[8]=0;		level1_cnt_minus[8]=0
     level1_cnt_plus[9]=0;		level1_cnt_minus[9]=0
FYI: CNarrowChannelRefiner::RedistributeLevel1_step_3: is started
FYI: CNarrowChannelRefiner::RedistributeLevel1_step_3: is finished
RedistributeLevel1 takes:
	CNarrowChannelRefiner::RedistributeLevel1            function_total                0      = 0.57657 sec
FYI: level1 statistics:
     level1_cnt_plus[1]=958;		level1_cnt_minus[1]=1197
     level1_cnt_plus[2]=8430;		level1_cnt_minus[2]=967
     level1_cnt_plus[3]=0;		level1_cnt_minus[3]=0
     level1_cnt_plus[4]=0;		level1_cnt_minus[4]=0
     level1_cnt_plus[5]=0;		level1_cnt_minus[5]=0
     level1_cnt_plus[6]=0;		level1_cnt_minus[6]=0
     level1_cnt_plus[7]=0;		level1_cnt_minus[7]=0
     level1_cnt_plus[8]=0;		level1_cnt_minus[8]=0
     level1_cnt_plus[9]=0;		level1_cnt_minus[9]=0
-----------------------------------------------------------------------
BCF-Builder Iteration: 0
Memory Working Set Current = 57.39 Mb, Memory Working Set Peak = 68.06 Mb
Process Threads Number: 14
Loading geometries triangulation & x-stacks...OK
	Sub-mesh 0:
		Total  brick(s) 12573
		Native brick(s) 11549
		Inner  brick(s) 10525
		Outer  brick(s) 1024
		Ghost  brick(s) 1024
	Sub-mesh 1:
		Total  brick(s) 14149
		Native brick(s) 11549
		Inner  brick(s) 8943
		Outer  brick(s) 2606
		Ghost  brick(s) 2600
	Sub-mesh 2:
		Total  brick(s) 14155
		Native brick(s) 11549
		Inner  brick(s) 8949
		Outer  brick(s) 2600
		Ghost  brick(s) 2606
	Sub-mesh 3:
		Total  brick(s) 12575
		Native brick(s) 11551
		Inner  brick(s) 10527
		Outer  brick(s) 1024
		Ghost  brick(s) 1024
	Total brick(s) 46198

-----------------------------------------------------------------------
MSH (Real Geometry) format constructor:
Getting submesh brick sets...OK (0.005 s)
Level 2
	Inner time 0.611 s
	Outer Time 0.174 s
	Level Time 0.785 s
Level 1
	Inner time 0.087 s
	Outer Time 0.048 s
	Level Time 0.142 s
Level 0
	Inner time 0.082 s
	Outer Time 0.031 s
	Level Time 0.115 s

Brick parser time info:
	3.031 s - time_Run
		0.054 s - time_ConstructPoints
			0.047 s - time_ConstructPointsAddFind2
		0.094 s - time_ConstructPointsAndConnectsFromNb
		0.022 s - time_AddRibConnects
		0.333 s - time_ConstructBrickFacets
			0.135 s - time_CalculateQpoints
				0.046 s - time_AddFacetPoint_GetFacesQpoint
					0.000 s - time_GetFacesQpoint_UShaped
						0.000 s - time_GetFacesQpoint2
					0.008 s - time_GetFacesQpoint_AddEdgesToList
					0.036 s - time_Edge_GetClosestPointOn
					0.007 s - time_Edge_NewtonMethod
					0.000 s - time_GetFacesQpoint_ManyFinds
				0.077 s - time_AddFacetPoint_AddQPoint
					0.085 s - time_PointReverseEvaluate
				0.001 s - time_AddFacetPoint_AddFind2
		0.000 s - time_RemoveOddConnects
		0.038 s - time_TestConnectivity
		0.002 s - time_ValidateXeps
		0.070 s - time_ConstructFaceAs
		0.013 s - time_ConstructCvs
		0.006 s - time_ConstructFaceWs
		0.096 s - time_RealGeomAddQPoints
		0.036 s - time_RealGeomAddNewFaces
		0.000 s - time_RealGeomInitOppositeGeomFaceInd
		0.147 s - time_RealGeomApproxCurveFaces
		0.000 s - time_Enum1
		0.000 s - time_Enum2
		0.002 s - time_RealGeomCheckInvalidConnects
		1.849 s - time_RealGeomParameters
			0.772 s - time_CalculateParametersOfCv
			1.044 s - time_CalculateParametersOfFace
				0.232 s - time_CalculateRR
				0.804 s - time_CalculateRefFaceData
				0.001 s - time_CalculateLambdaProjection
			0.026 s - time_SetFacesOrientation
Result:
	Bricks number:                        46198

	Memory usage:                         3.457 MB
	Memory usage (per brick):             0.077 KB
	Construction time:                    1.098 s

	Topology features:
	------------------
	- High quality bricks                 100.00 % (46197)
	- Medium quality bricks                 0.00 % (1)
	- Bad quality bricks                    0.00 % (0)
	- Ribs corrected bricks                 0.00 % (0)
	- Points with geom-info (bricks)        0.04 % (19)
	- Points with closest-info (bricks)     0.00 % (0)
	- Triangulated by center (bricks)       0.04 % (18)
	- Facet w-faces mergings (bricks)       0.00 % (0)
	- To refine (bricks)                    0.00 % (0)

Memory Working Set Current = 71.07 Mb, Memory Working Set Peak = 78.00 Mb
Process Threads Number: 14
-----------------------------------------------------------------------
-----------------------------------------------------------------------
MSH --> BCF format (Iteration 0)...
BCF collector...
	(3) Bcf collect time 0.361 s (12575 avs, 0 fws)
	(0) Bcf collect time 0.381 s (12573 avs, 0 fws)
	(1) Bcf collect time 0.424 s (17494 avs, 6079 fws)
	(2) Bcf collect time 0.460 s (18121 avs, 8537 fws)
	(1) Remove defect avs time 0.047 s
	(0) Remove defect avs time 0.047 s
	(3) Remove defect avs time 0.047 s
	(2) Remove defect avs time 0.049 s
Defect subdomain detector...
		1 subdomain(s) of gi=0 (real bodies = 1).
			Subdomain 0: 46611 av
		Get real subdoms time 0.000 s
		Mark defect subdomains by closed av...
		Mark by closed av time 0.003 s
		Mark defect subdomains by real bodies...
		0 defect subdomain(s) of gi=0.
		1 subdomain(s) of gi=1 (real bodies = 0).
			Subdomain 0: 6017 av
		Get real subdoms time 0.000 s
		0 defect subdomain(s) of gi=1.
	(2) Remove defect subdoms time 0.024 s
	(3) Remove defect subdoms time 0.024 s
	(0) Remove defect subdoms time 0.019 s
	(1) Remove defect subdoms time 0.023 s
NB-faces collector & conservator...
Sub-mesh 0.
	Conservated total=0 (bb-faces=0)
Sub-mesh 1.
	Conservated total=17 (bb-faces=0)
Sub-mesh 2.
	Conservated total=8 (bb-faces=0)
Sub-mesh 3.
	Conservated total=0 (bb-faces=0)
	(3) Bcf calc time 0.008 s
	(0) Bcf calc time 0.009 s
	(1) Bcf calc time 0.166 s
	(2) Bcf calc time 0.232 s
FACE_W optimizer ...
Sub-mesh 0.
	Before optimization total=3666 (fs=0, ff=0, ss=0)
	After  optimization total=3666 (fs=0, ff=0, ss=0)
Sub-mesh 1.
	Before optimization total=10319 (fs=6079, ff=0, ss=0)
	After  optimization total=10135 (fs=5895, ff=0, ss=0)
Sub-mesh 2.
	Before optimization total=12691 (fs=8537, ff=0, ss=0)
	After  optimization total=12261 (fs=8107, ff=0, ss=0)
Sub-mesh 3.
	Before optimization total=3666 (fs=0, ff=0, ss=0)
	After  optimization total=3666 (fs=0, ff=0, ss=0)
-----------------------------------------------------------------------
-----------------------------------------------------------------------
Merging BCF...
Merging bricks trees...OK (0.05 s)
Merging av data...OK (0.03 s)
Merging a-faces data (fluid)...
	New a-face count   135110
	Bound a-face count 3757 (2.78 %)
Merging a-faces data takes 0.04 s
Merging a-faces data (solid)...
	New a-face count   15241
	Bound a-face count 330 (2.17 %)
Merging a-faces data takes 0.01 s
Merging w-faces data...
	New w-face count   18913
	Bound w-face count 0 (0.00 %)
	Need fw-nb         3296 (17.43 %)
Merging w-faces data takes 0.04 s
Merging BCF takes (0.18 s)
-----------------------------------------------------------------------

-----------------------------------------------------------------------
Geometrical diagonal nb-faces collector (cpu_num=4)...
	Time=0.095s.
-----------------------------------------------------------------------
Fluid Subdom Constructor: 1 subdom(s).
	Remove nb-fw from diff subdomains (fs)...
		Diff subdomains cases         0

-----------------------------------------------------------------------
BCF CHECKSUM DATA (Mesh 0):

FACE_A Area Sum:   G.Fluid        21.2865461827286850
FACE_A Area Sum:   G.Solid        0.0715106407530522
FACE_W Area Sum:                  1.3714245710757071
FACE_W Nb   Sum:                  170872
FACE_W min curvatures sum:        -449266.97207785
FACE_W max curvatures sum:        374637.89495278
AV Max Disbalance: G.Fluid        1.60447e-013 (cid=27180, avid=27629, pid=4870)
AV Max Disbalance: G.Solid        1.52984e-013 (cid=27180, avid=51196, pid=4007)
-----------------------------------------------------------------------


-----------------------------------------------------------------------
MESHER TOPOLOGY DATA (Mesh 0):

BRICKS: Total                 46198
BRICKS: 1-CV                  41158
BRICKS: 2-CV                  3737
BRICKS: 3-CV                  1218
BRICKS: 4-CV                  83
BRICKS: 5-CV                  2
BRICKS: Bad                   0

AV:     G.Total               52628
AV:     G.Fluid               46611
AV:     G.Solid               6017

AV:     G.Fluid Thin Profile    0.49 % (229)
AV:     G.Solid Thin Profile   18.50 % (1113)

AV:     G.Fluid Thin For Mega   0.12 % (58)
AV:     G.Solid Thin For Mega   9.92 % (597)

AV:     G.Fluid Non-Convex      4.70 % (2193)
AV:     G.Solid Non-Convex     24.98 % (1503)

FACE_A: G.Fluid          (af) 135110 (partially opened 12759)
FACE_A: G.Solid          (as) 15241 (partially opened 11226)

FACE_W: G.Total                 18913       Brick/Bound
FACE_W: G.Fluid/Solid    (fs_g) 12513       0           
FACE_W: G.Fluid/Fluid    (ff_g) 0           0           
FACE_W: G.Solid/Solid    (ss_g) 0           0           
FACE_W: G.Fluid/External (fe_g) 6400
FACE_W: G.Solid/External (se_g) 0

AV max fa count:                21
AV max fw count:                15
AV max fw poly count:           15

MEMORY: Total                   18.263 MB
MEMORY: Per Brick               0.405 KB
-----------------------------------------------------------------------

-----------------------------------------------------------------------
Mega-cv constructor for fluid...
	 58 av's is treated as thin
Relative size generator (threshold = 0.05)...OK
	 206 mega-cv's generated
	 12 mega-cv's removed
Convert clusters:
	 194 mega-cv's total
Mega-cv count: 194
-----------------------------------------------------------------------
Mixing plane rotation regions: NO.
Sliding mesh rotation regions: NO.
Fluid/fluid faces: NO.
----------------------------------------------------------
BCF --> BCF.GEOMSUBDOM (bridge arrays) (cpu_num=4):
MESH (0):
	Fluid Subdom Constructor: 1 subdom(s).
	Solid Subdom Constructor: 1 subdom(s).
	Net Asm Subdom Constructor: 0 subdom(s).
	GEOMSUBDOM (0): gi=0 fluid av=46611 cv=46366 fa=135110 fw=18913 V=1.041851e-001
	GEOMSUBDOM (1): gi=1 solid av=6017 cv=6017 fa=15241 fw=12513 V=7.308401e-005
	Setting nb of w-faces...OK.

MESH (0) checking:
	GEOMSUBDOM (0):fa_s=21.2865461827291610 fw_s=1.3714245710757029 fw_nb=170872
	GEOMSUBDOM (1):fa_s=0.0715106407530528 fw_s=0.0407246887325017 fw_nb=119696
MESH (0) checking: OK.
----------------------------------------------------------
-----------------------------------------------------------------------
Calculating curvature and tolerance criteria...
Curvature: min=0 max=3.14159
Tolerance: min=0 max=0.00300873
Calculating curvature and tolerance criteria takes 0.268 s
-----------------------------------------------------------------------
Current CPU = 7 sec

Nx=32
Ny=32
Nz=34
Max_RL=2
12. Saving initial mesh in: C:\USERS\POITR\GOOGLE DRIVE\MIT_ML\GITHUB\OPENAG_EAGLE\PRJ\PFC-EDU\V1.0\MECHANICAL\1\1.fld .
Storing results...
Estimated CPT size=7.490 MB.
OK
Memory Working Set Current = 105.24 Mb, Memory Working Set Peak = 115.23 Mb
Process Threads Number: 14
Cleaning memory...
Free Geometry DB takes 0.009 s
Copying... OK

------------------------------------------------------------------------------------------------------------
CPU report:
Function                                             CPU           descriptor                    nproc     
------------------------------------------------------------------------------------------------------------
GetGeometryFromSW                                    0.741 sec   function_total               
GetGeometryFromSW                                    0.100 sec   InitGeometryTriangles        
CMesh::PrepareMappedTriangles                        0.242 sec   function_total               
SwapGeometries                                       0.000 sec   function_total               
CMesh::PreBuild                                      0.201 sec   function_total               
SetBrickRegion                                       0.216 sec   function_total               
CMesh::Build                                         2.106 sec   function_total               
CMesh::BuildGeometry                                 2.100 sec   function_total               
ActivateAllCellsParameters                           0.007 sec   function_total               
RefineByTriangles                                    0.512 sec   function_total               
CaptureRefined                                       0.218 sec   function_total               
GetMultiRaysIntersections                            0.075 sec   full                         
CRayCollector::CorrectRays2                          0.064 sec   full                         
CRayCollector::CorrectRays2                          0.030 sec   stage_1_collect_undefined_vertices1
RefinePeculiarSurfaces                               0.005 sec   function_total               
CNarrowChannelRefiner::ChannelsResolution            1.520 sec   function_total               
CNarrowChannelRefiner::RefineChannels_PRLL           1.510 sec   function_total               
CNarrowChannelRefiner::GetMainNormals                0.313 sec   function_total               
CNarrowChannelRefiner::GetMainNormals                0.500 sec   function_total               
CNarrowChannelRefiner::facade_bricks_of_brick_dirv   0.008 sec   function_total               
CNarrowChannelRefiner::facade_bricks_of_brick_dirv   0.488 sec   function_total               
CNarrowChannelRefiner::facade_bricks_of_brick_dirv   0.892 sec   function_total               
CNarrowChannelRefiner::facade_bricks_of_brick_dirv   0.016 sec   function_total               
CNarrowChannelRefiner::next_brick_on_ray             0.005 sec   function_total               
CNarrowChannelRefiner::next_brick_on_ray             0.476 sec   function_total               
CNarrowChannelRefiner::next_brick_on_ray             0.880 sec   function_total               
CNarrowChannelRefiner::next_brick_on_ray             0.012 sec   function_total               
CNarrowChannelRefiner::RefineChannels_PRLL           0.267 sec   NCR_execute_refinement       
CMesh::BuildGeometry                                 0.000 sec   equidistant_refiner          
CNarrowChannelRefiner::RedistributeLevel1            0.581 sec   function_total               
CTPBuilder::build_bcf                                2.511 sec   function_total               
CTPBuilder::bcf_builder                              2.271 sec   function_total               
LoadTrianglesAndXSL                                  0.000 sec   function_total               
CTPBuilder::collect_msh_format                       1.115 sec   function_total               
CTPBuilder::Run                                      0.770 sec   bcf_collect                  
CTPBuilder::Run                                      0.364 sec   bcf_merge                    
CTPBuilder::build_bcf                                0.084 sec   collect_mega_cv              
CTPBuilder::build_bcf                                0.151 sec   convert_to_mds_function      
CMesh::CalculateCurvatureAndToleranceCriteria        0.269 sec   function_total               
Store_Res_2                                          0.343 sec   function_total               
Freemem_CPT                                          0.064 sec   function_total               
------------------------------------------------------------------------------------------------------------

Mesh generation normally finished at	17.7.2018	16:58:39
Mesher CPU = 7 sec
Mesher is finished at	17.7.2018	16:58:39
